1510549743354	geckodriver	INFO	Listening on 127.0.0.1:50372
1510549745374	geckodriver::marionette	INFO	Starting browser \\?\C:\Program Files (x86)\Mozilla Firefox\firefox.exe with args ["-marionette"]
1510549746095	addons.manager	DEBUG	Application has been upgraded
1510549746095	addons.manager	ERROR	startup failed: [Exception... "Component returned failure code: 0x80070057 (NS_ERROR_ILLEGAL_VALUE) [nsIFile.create]"  nsresult: "0x80070057 (NS_ERROR_ILLEGAL_VALUE)"  location: "JS frame :: resource://gre/modules/FileUtils.jsm :: FileUtils_getDir :: line 70"  data: no] Stack trace: FileUtils_getDir()@resource://gre/modules/FileUtils.jsm:70 < FileUtils_getFile()@resource://gre/modules/FileUtils.jsm:42 < validateBlocklist()@resource://gre/modules/AddonManager.jsm:674 < startup()@resource://gre/modules/AddonManager.jsm:837 < startup()@resource://gre/modules/AddonManager.jsm:3145 < observe()@resource://gre/components/addonManager.js:65
1510549746096	addons.manager	DEBUG	Completed startup sequence
JavaScript error: resource://gre/modules/AddonManager.jsm, line 1657: NS_ERROR_NOT_INITIALIZED: AddonManager is not initialized
*** Blocklist::_preloadBlocklistFile: blocklist is disabled
1510549747235	Marionette	INFO	Listening on port 50382
JavaScript error: resource://gre/modules/AddonManager.jsm, line 2572: NS_ERROR_NOT_INITIALIZED: AddonManager is not initialized
1510549747460	Marionette	WARN	TLS certificate errors will be ignored for this session
JavaScript error: resource://app/modules/WindowsJumpLists.jsm, line 403: NS_ERROR_FILE_NOT_FOUND: Component returned failure code: 0x80520012 (NS_ERROR_FILE_NOT_FOUND) [nsIJumpListShortcut.app]
1510549756247	Marionette	INFO	Ceased listening
1510549846555	geckodriver	INFO	Listening on 127.0.0.1:50471
1510549848571	geckodriver::marionette	INFO	Starting browser \\?\C:\Program Files (x86)\Mozilla Firefox\firefox.exe with args ["-marionette"]
1510549848768	addons.manager	DEBUG	Application has been upgraded
1510549848769	addons.manager	ERROR	startup failed: [Exception... "Component returned failure code: 0x80070057 (NS_ERROR_ILLEGAL_VALUE) [nsIFile.create]"  nsresult: "0x80070057 (NS_ERROR_ILLEGAL_VALUE)"  location: "JS frame :: resource://gre/modules/FileUtils.jsm :: FileUtils_getDir :: line 70"  data: no] Stack trace: FileUtils_getDir()@resource://gre/modules/FileUtils.jsm:70 < FileUtils_getFile()@resource://gre/modules/FileUtils.jsm:42 < validateBlocklist()@resource://gre/modules/AddonManager.jsm:674 < startup()@resource://gre/modules/AddonManager.jsm:837 < startup()@resource://gre/modules/AddonManager.jsm:3145 < observe()@resource://gre/components/addonManager.js:65
1510549848770	addons.manager	DEBUG	Completed startup sequence
JavaScript error: resource://gre/modules/AddonManager.jsm, line 1657: NS_ERROR_NOT_INITIALIZED: AddonManager is not initialized
*** Blocklist::_preloadBlocklistFile: blocklist is disabled
1510549849771	Marionette	INFO	Listening on port 50477
JavaScript error: resource://gre/modules/AddonManager.jsm, line 2572: NS_ERROR_NOT_INITIALIZED: AddonManager is not initialized
1510549850087	Marionette	WARN	TLS certificate errors will be ignored for this session
JavaScript error: resource://app/modules/WindowsJumpLists.jsm, line 403: NS_ERROR_FILE_NOT_FOUND: Component returned failure code: 0x80520012 (NS_ERROR_FILE_NOT_FOUND) [nsIJumpListShortcut.app]
1510549857920	Marionette	INFO	Ceased listening
1510549861641	geckodriver	INFO	Listening on 127.0.0.1:50525
1510549863673	geckodriver::marionette	INFO	Starting browser \\?\C:\Program Files (x86)\Mozilla Firefox\firefox.exe with args ["-marionette"]
1510549863862	addons.manager	DEBUG	Application has been upgraded
1510549863862	addons.manager	ERROR	startup failed: [Exception... "Component returned failure code: 0x80070057 (NS_ERROR_ILLEGAL_VALUE) [nsIFile.create]"  nsresult: "0x80070057 (NS_ERROR_ILLEGAL_VALUE)"  location: "JS frame :: resource://gre/modules/FileUtils.jsm :: FileUtils_getDir :: line 70"  data: no] Stack trace: FileUtils_getDir()@resource://gre/modules/FileUtils.jsm:70 < FileUtils_getFile()@resource://gre/modules/FileUtils.jsm:42 < validateBlocklist()@resource://gre/modules/AddonManager.jsm:674 < startup()@resource://gre/modules/AddonManager.jsm:837 < startup()@resource://gre/modules/AddonManager.jsm:3145 < observe()@resource://gre/components/addonManager.js:65
1510549863863	addons.manager	DEBUG	Completed startup sequence
JavaScript error: resource://gre/modules/AddonManager.jsm, line 1657: NS_ERROR_NOT_INITIALIZED: AddonManager is not initialized
*** Blocklist::_preloadBlocklistFile: blocklist is disabled
1510549864872	Marionette	INFO	Listening on port 50531
JavaScript error: resource://gre/modules/AddonManager.jsm, line 2572: NS_ERROR_NOT_INITIALIZED: AddonManager is not initialized
1510549865188	Marionette	WARN	TLS certificate errors will be ignored for this session
1510549924901	geckodriver	INFO	Listening on 127.0.0.1:50777
1510549926931	geckodriver::marionette	INFO	Starting browser \\?\C:\Program Files (x86)\Mozilla Firefox\firefox.exe with args ["-marionette"]
1510549927121	addons.manager	DEBUG	Application has been upgraded
1510549927122	addons.manager	ERROR	startup failed: [Exception... "Component returned failure code: 0x80070057 (NS_ERROR_ILLEGAL_VALUE) [nsIFile.create]"  nsresult: "0x80070057 (NS_ERROR_ILLEGAL_VALUE)"  location: "JS frame :: resource://gre/modules/FileUtils.jsm :: FileUtils_getDir :: line 70"  data: no] Stack trace: FileUtils_getDir()@resource://gre/modules/FileUtils.jsm:70 < FileUtils_getFile()@resource://gre/modules/FileUtils.jsm:42 < validateBlocklist()@resource://gre/modules/AddonManager.jsm:674 < startup()@resource://gre/modules/AddonManager.jsm:837 < startup()@resource://gre/modules/AddonManager.jsm:3145 < observe()@resource://gre/components/addonManager.js:65
1510549927123	addons.manager	DEBUG	Completed startup sequence
JavaScript error: resource://gre/modules/AddonManager.jsm, line 1657: NS_ERROR_NOT_INITIALIZED: AddonManager is not initialized
*** Blocklist::_preloadBlocklistFile: blocklist is disabled
1510549928152	Marionette	INFO	Listening on port 50783
JavaScript error: resource://gre/modules/AddonManager.jsm, line 2572: NS_ERROR_NOT_INITIALIZED: AddonManager is not initialized
1510549928448	Marionette	WARN	TLS certificate errors will be ignored for this session
1510549960593	Marionette	INFO	Ceased listening
0.0.1:50817
1510549950968	geckodriver::marionette	INFO	Starting browser \\?\C:\Program Files (x86)\Mozilla Firefox\firefox.exe with args ["-marionette"]
1510549951143	addons.manager	DEBUG	Application has been upgraded
1510549951144	addons.manager	ERROR	startup failed: [Exception... "Component returned failure code: 0x80070057 (NS_ERROR_ILLEGAL_VALUE) [nsIFile.create]"  nsresult: "0x80070057 (NS_ERROR_ILLEGAL_VALUE)"  location: "JS frame :: resource://gre/modules/FileUtils.jsm :: FileUtils_getDir :: line 70"  data: no] Stack trace: FileUtils_getDir()@resource://gre/modules/FileUtils.jsm:70 < FileUtils_getFile()@resource://gre/modules/FileUtils.jsm:42 < validateBlocklist()@resource://gre/modules/AddonManager.jsm:674 < startup()@resource://gre/modules/AddonManager.jsm:837 < startup()@resource://gre/modules/AddonManager.jsm:3145 < observe()@resource://gre/components/addonManager.js:65
1510549951145	addons.manager	DEBUG	Completed startup sequence
JavaScript error: resource://gre/modules/AddonManager.jsm, line 1657: NS_ERROR_NOT_INITIALIZED: AddonManager is not initialized
*** Blocklist::_preloadBlocklistFile: blocklist is disabled
1510549952120	Marionette	INFO	Listening on port 50823
JavaScript error: resource://gre/modules/AddonManager.jsm, line 2572: NS_ERROR_NOT_INITIALIZED: AddonManager is not initialized
1510549952486	Marionette	WARN	TLS certificate errors will be ignored for this session
1510549962587	Marionette	INFO	Ceased listening
1510550580446	geckodriver	INFO	Listening on 127.0.0.1:50939
1510550582476	geckodriver::marionette	INFO	Starting browser \\?\C:\Program Files (x86)\Mozilla Firefox\firefox.exe with args ["-marionette"]
1510550582666	addons.manager	DEBUG	Application has been upgraded
1510550582667	addons.manager	ERROR	startup failed: [Exception... "Component returned failure code: 0x80070057 (NS_ERROR_ILLEGAL_VALUE) [nsIFile.create]"  nsresult: "0x80070057 (NS_ERROR_ILLEGAL_VALUE)"  location: "JS frame :: resource://gre/modules/FileUtils.jsm :: FileUtils_getDir :: line 70"  data: no] Stack trace: FileUtils_getDir()@resource://gre/modules/FileUtils.jsm:70 < FileUtils_getFile()@resource://gre/modules/FileUtils.jsm:42 < validateBlocklist()@resource://gre/modules/AddonManager.jsm:674 < startup()@resource://gre/modules/AddonManager.jsm:837 < startup()@resource://gre/modules/AddonManager.jsm:3145 < observe()@resource://gre/components/addonManager.js:65
1510550582668	addons.manager	DEBUG	Completed startup sequence
JavaScript error: resource://gre/modules/AddonManager.jsm, line 1657: NS_ERROR_NOT_INITIALIZED: AddonManager is not initialized
*** Blocklist::_preloadBlocklistFile: blocklist is disabled
1510550583656	Marionette	INFO	Listening on port 50945
JavaScript error: resource://gre/modules/AddonManager.jsm, line 2572: NS_ERROR_NOT_INITIALIZED: AddonManager is not initialized
1510550583995	Marionette	WARN	TLS certificate errors will be ignored for this session
1510550607931	Marionette	INFO	Ceased listening
1510550721456	geckodriver	INFO	Listening on 127.0.0.1:51017
1510550723487	geckodriver::marionette	INFO	Starting browser \\?\C:\Program Files (x86)\Mozilla Firefox\firefox.exe with args ["-marionette"]
1510550723678	addons.manager	DEBUG	Application has been upgraded
1510550723678	addons.manager	ERROR	startup failed: [Exception... "Component returned failure code: 0x80070057 (NS_ERROR_ILLEGAL_VALUE) [nsIFile.create]"  nsresult: "0x80070057 (NS_ERROR_ILLEGAL_VALUE)"  location: "JS frame :: resource://gre/modules/FileUtils.jsm :: FileUtils_getDir :: line 70"  data: no] Stack trace: FileUtils_getDir()@resource://gre/modules/FileUtils.jsm:70 < FileUtils_getFile()@resource://gre/modules/FileUtils.jsm:42 < validateBlocklist()@resource://gre/modules/AddonManager.jsm:674 < startup()@resource://gre/modules/AddonManager.jsm:837 < startup()@resource://gre/modules/AddonManager.jsm:3145 < observe()@resource://gre/components/addonManager.js:65
1510550723679	addons.manager	DEBUG	Completed startup sequence
JavaScript error: resource://gre/modules/AddonManager.jsm, line 1657: NS_ERROR_NOT_INITIALIZED: AddonManager is not initialized
*** Blocklist::_preloadBlocklistFile: blocklist is disabled
1510550724675	Marionette	INFO	Listening on port 51025
JavaScript error: resource://gre/modules/AddonManager.jsm, line 2572: NS_ERROR_NOT_INITIALIZED: AddonManager is not initialized
1510550725002	Marionette	WARN	TLS certificate errors will be ignored for this session
1510550784530	addons.productaddons	INFO	sending request to: https://aus5.mozilla.org/update/3/GMP/54.0.1/20170628075643/WINNT_x86-msvc-x64/en-US/release/Windows_NT%2010.0.0.0%20(x64)/default/default/update.xml
1510550804532	addons.productaddons	WARN	Failed downloading XML, status: 0, reason: timeout
1510550804532	addons.productaddons	INFO	fetching config from: chrome://global/content/gmp-sources/openh264.json
1510550804535	addons.productaddons	INFO	fetching config from: chrome://global/content/gmp-sources/widevinecdm.json
1510550804536	addons.productaddons	INFO	found plugin: gmp-gmpopenh264
1510550804536	addons.productaddons	INFO	found plugin: gmp-widevinecdm
JavaScript error: resource://app/modules/WindowsJumpLists.jsm, line 403: NS_ERROR_FILE_NOT_FOUND: Component returned failure code: 0x80520012 (NS_ERROR_FILE_NOT_FOUND) [nsIJumpListShortcut.app]
1510550876389	addons.productaddons	WARN	Failed downloading via XHR, status: 0, reason: error
1510550876392	addons.productaddons	WARN	Failed downloading via XHR, status: 0, reason: error
JavaScript error: resource://app/modules/WindowsJumpLists.jsm, line 403: NS_ERROR_FILE_NOT_FOUND: Component returned failure code: 0x80520012 (NS_ERROR_FILE_NOT_FOUND) [nsIJumpListShortcut.app]
1510550876490	Marionette	INFO	Ceased listening
1510550894800	geckodriver	INFO	Listening on 127.0.0.1:51123
1510550896830	geckodriver::marionette	INFO	Starting browser \\?\C:\Program Files (x86)\Mozilla Firefox\firefox.exe with args ["-marionette"]
1510550897011	addons.manager	DEBUG	Application has been upgraded
1510550897012	addons.manager	ERROR	startup failed: [Exception... "Component returned failure code: 0x80070057 (NS_ERROR_ILLEGAL_VALUE) [nsIFile.create]"  nsresult: "0x80070057 (NS_ERROR_ILLEGAL_VALUE)"  location: "JS frame :: resource://gre/modules/FileUtils.jsm :: FileUtils_getDir :: line 70"  data: no] Stack trace: FileUtils_getDir()@resource://gre/modules/FileUtils.jsm:70 < FileUtils_getFile()@resource://gre/modules/FileUtils.jsm:42 < validateBlocklist()@resource://gre/modules/AddonManager.jsm:674 < startup()@resource://gre/modules/AddonManager.jsm:837 < startup()@resource://gre/modules/AddonManager.jsm:3145 < observe()@resource://gre/components/addonManager.js:65
1510550897013	addons.manager	DEBUG	Completed startup sequence
JavaScript error: resource://gre/modules/AddonManager.jsm, line 1657: NS_ERROR_NOT_INITIALIZED: AddonManager is not initialized
*** Blocklist::_preloadBlocklistFile: blocklist is disabled
1510550897995	Marionette	INFO	Listening on port 51129
JavaScript error: resource://gre/modules/AddonManager.jsm, line 2572: NS_ERROR_NOT_INITIALIZED: AddonManager is not initialized
1510550898352	Marionette	WARN	TLS certificate errors will be ignored for this session
1510550955700	geckodriver	INFO	Listening on 127.0.0.1:51145
1510550957727	geckodriver::marionette	INFO	Starting browser \\?\C:\Program Files (x86)\Mozilla Firefox\firefox.exe with args ["-marionette"]
1510550957905	addons.manager	DEBUG	Application has been upgraded
1510550957906	addons.manager	ERROR	startup failed: [Exception... "Component returned failure code: 0x80070057 (NS_ERROR_ILLEGAL_VALUE) [nsIFile.create]"  nsresult: "0x80070057 (NS_ERROR_ILLEGAL_VALUE)"  location: "JS frame :: resource://gre/modules/FileUtils.jsm :: FileUtils_getDir :: line 70"  data: no] Stack trace: FileUtils_getDir()@resource://gre/modules/FileUtils.jsm:70 < FileUtils_getFile()@resource://gre/modules/FileUtils.jsm:42 < validateBlocklist()@resource://gre/modules/AddonManager.jsm:674 < startup()@resource://gre/modules/AddonManager.jsm:837 < startup()@resource://gre/modules/AddonManager.jsm:3145 < observe()@resource://gre/components/addonManager.js:65
1510550957907	addons.manager	DEBUG	Completed startup sequence
JavaScript error: resource://gre/modules/AddonManager.jsm, line 1657: NS_ERROR_NOT_INITIALIZED: AddonManager is not initialized
*** Blocklist::_preloadBlocklistFile: blocklist is disabled
1510550958892	Marionette	INFO	Listening on port 51151
JavaScript error: resource://gre/modules/AddonManager.jsm, line 2572: NS_ERROR_NOT_INITIALIZED: AddonManager is not initialized
1510550959243	Marionette	WARN	TLS certificate errors will be ignored for this session
1510550975169	Marionette	INFO	Ceased listening
0.0.1:51187
1510550975728	geckodriver::marionette	INFO	Starting browser \\?\C:\Program Files (x86)\Mozilla Firefox\firefox.exe with args ["-marionette"]
1510550975909	addons.manager	DEBUG	Application has been upgraded
1510550975910	addons.manager	ERROR	startup failed: [Exception... "Component returned failure code: 0x80070057 (NS_ERROR_ILLEGAL_VALUE) [nsIFile.create]"  nsresult: "0x80070057 (NS_ERROR_ILLEGAL_VALUE)"  location: "JS frame :: resource://gre/modules/FileUtils.jsm :: FileUtils_getDir :: line 70"  data: no] Stack trace: FileUtils_getDir()@resource://gre/modules/FileUtils.jsm:70 < FileUtils_getFile()@resource://gre/modules/FileUtils.jsm:42 < validateBlocklist()@resource://gre/modules/AddonManager.jsm:674 < startup()@resource://gre/modules/AddonManager.jsm:837 < startup()@resource://gre/modules/AddonManager.jsm:3145 < observe()@resource://gre/components/addonManager.js:65
1510550975911	addons.manager	DEBUG	Completed startup sequence
JavaScript error: resource://gre/modules/AddonManager.jsm, line 1657: NS_ERROR_NOT_INITIALIZED: AddonManager is not initialized
*** Blocklist::_preloadBlocklistFile: blocklist is disabled
1510550976910	Marionette	INFO	Listening on port 51193
JavaScript error: resource://gre/modules/AddonManager.jsm, line 2572: NS_ERROR_NOT_INITIALIZED: AddonManager is not initialized
1510550977246	Marionette	WARN	TLS certificate errors will be ignored for this session
1510551015970	Marionette	INFO	Ceased listening
0.0.1:51227
1510550983270	geckodriver::marionette	INFO	Starting browser \\?\C:\Program Files (x86)\Mozilla Firefox\firefox.exe with args ["-marionette"]
1510550983444	addons.manager	DEBUG	Application has been upgraded
1510550983444	addons.manager	ERROR	startup failed: [Exception... "Component returned failure code: 0x80070057 (NS_ERROR_ILLEGAL_VALUE) [nsIFile.create]"  nsresult: "0x80070057 (NS_ERROR_ILLEGAL_VALUE)"  location: "JS frame :: resource://gre/modules/FileUtils.jsm :: FileUtils_getDir :: line 70"  data: no] Stack trace: FileUtils_getDir()@resource://gre/modules/FileUtils.jsm:70 < FileUtils_getFile()@resource://gre/modules/FileUtils.jsm:42 < validateBlocklist()@resource://gre/modules/AddonManager.jsm:674 < startup()@resource://gre/modules/AddonManager.jsm:837 < startup()@resource://gre/modules/AddonManager.jsm:3145 < observe()@resource://gre/components/addonManager.js:65
1510550983445	addons.manager	DEBUG	Completed startup sequence
JavaScript error: resource://gre/modules/AddonManager.jsm, line 1657: NS_ERROR_NOT_INITIALIZED: AddonManager is not initialized
*** Blocklist::_preloadBlocklistFile: blocklist is disabled
1510550984426	Marionette	INFO	Listening on port 51235
JavaScript error: resource://gre/modules/AddonManager.jsm, line 2572: NS_ERROR_NOT_INITIALIZED: AddonManager is not initialized
1510550984785	Marionette	WARN	TLS certificate errors will be ignored for this session
1510551013056	Marionette	INFO	Ceased listening
0.0.1:51270
1510550990751	geckodriver::marionette	INFO	Starting browser \\?\C:\Program Files (x86)\Mozilla Firefox\firefox.exe with args ["-marionette"]
1510550990932	addons.manager	DEBUG	Application has been upgraded
1510550990932	addons.manager	ERROR	startup failed: [Exception... "Component returned failure code: 0x80070057 (NS_ERROR_ILLEGAL_VALUE) [nsIFile.create]"  nsresult: "0x80070057 (NS_ERROR_ILLEGAL_VALUE)"  location: "JS frame :: resource://gre/modules/FileUtils.jsm :: FileUtils_getDir :: line 70"  data: no] Stack trace: FileUtils_getDir()@resource://gre/modules/FileUtils.jsm:70 < FileUtils_getFile()@resource://gre/modules/FileUtils.jsm:42 < validateBlocklist()@resource://gre/modules/AddonManager.jsm:674 < startup()@resource://gre/modules/AddonManager.jsm:837 < startup()@resource://gre/modules/AddonManager.jsm:3145 < observe()@resource://gre/components/addonManager.js:65
1510550990933	addons.manager	DEBUG	Completed startup sequence
JavaScript error: resource://gre/modules/AddonManager.jsm, line 1657: NS_ERROR_NOT_INITIALIZED: AddonManager is not initialized
*** Blocklist::_preloadBlocklistFile: blocklist is disabled
1510550991930	Marionette	INFO	Listening on port 51277
JavaScript error: resource://gre/modules/AddonManager.jsm, line 2572: NS_ERROR_NOT_INITIALIZED: AddonManager is not initialized
1510550992270	Marionette	WARN	TLS certificate errors will be ignored for this session
1510551014427	Marionette	INFO	Ceased listening
0.0.1:51313
1510550999375	geckodriver::marionette	INFO	Starting browser \\?\C:\Program Files (x86)\Mozilla Firefox\firefox.exe with args ["-marionette"]
1510550999557	addons.manager	DEBUG	Application has been upgraded
1510550999558	addons.manager	ERROR	startup failed: [Exception... "Component returned failure code: 0x80070057 (NS_ERROR_ILLEGAL_VALUE) [nsIFile.create]"  nsresult: "0x80070057 (NS_ERROR_ILLEGAL_VALUE)"  location: "JS frame :: resource://gre/modules/FileUtils.jsm :: FileUtils_getDir :: line 70"  data: no] Stack trace: FileUtils_getDir()@resource://gre/modules/FileUtils.jsm:70 < FileUtils_getFile()@resource://gre/modules/FileUtils.jsm:42 < validateBlocklist()@resource://gre/modules/AddonManager.jsm:674 < startup()@resource://gre/modules/AddonManager.jsm:837 < startup()@resource://gre/modules/AddonManager.jsm:3145 < observe()@resource://gre/components/addonManager.js:65
1510550999559	addons.manager	DEBUG	Completed startup sequence
JavaScript error: resource://gre/modules/AddonManager.jsm, line 1657: NS_ERROR_NOT_INITIALIZED: AddonManager is not initialized
*** Blocklist::_preloadBlocklistFile: blocklist is disabled
1510551000558	Marionette	INFO	Listening on port 51319
JavaScript error: resource://gre/modules/AddonManager.jsm, line 2572: NS_ERROR_NOT_INITIALIZED: AddonManager is not initialized
1510551000891	Marionette	WARN	TLS certificate errors will be ignored for this session
1510551013655	Marionette	INFO	Ceased listening
1510551020183	geckodriver	INFO	Listening on 127.0.0.1:51352
1510551022211	geckodriver::marionette	INFO	Starting browser \\?\C:\Program Files (x86)\Mozilla Firefox\firefox.exe with args ["-marionette"]
1510551022388	addons.manager	DEBUG	Application has been upgraded
1510551022388	addons.manager	ERROR	startup failed: [Exception... "Component returned failure code: 0x80070057 (NS_ERROR_ILLEGAL_VALUE) [nsIFile.create]"  nsresult: "0x80070057 (NS_ERROR_ILLEGAL_VALUE)"  location: "JS frame :: resource://gre/modules/FileUtils.jsm :: FileUtils_getDir :: line 70"  data: no] Stack trace: FileUtils_getDir()@resource://gre/modules/FileUtils.jsm:70 < FileUtils_getFile()@resource://gre/modules/FileUtils.jsm:42 < validateBlocklist()@resource://gre/modules/AddonManager.jsm:674 < startup()@resource://gre/modules/AddonManager.jsm:837 < startup()@resource://gre/modules/AddonManager.jsm:3145 < observe()@resource://gre/components/addonManager.js:65
1510551022389	addons.manager	DEBUG	Completed startup sequence
JavaScript error: resource://gre/modules/AddonManager.jsm, line 1657: NS_ERROR_NOT_INITIALIZED: AddonManager is not initialized
*** Blocklist::_preloadBlocklistFile: blocklist is disabled
1510551023377	Marionette	INFO	Listening on port 51358
JavaScript error: resource://gre/modules/AddonManager.jsm, line 2572: NS_ERROR_NOT_INITIALIZED: AddonManager is not initialized
1510551023727	Marionette	WARN	TLS certificate errors will be ignored for this session
1510551069060	Marionette	INFO	Ceased listening
0.0.1:51394
1510551033950	geckodriver::marionette	INFO	Starting browser \\?\C:\Program Files (x86)\Mozilla Firefox\firefox.exe with args ["-marionette"]
1510551034123	addons.manager	DEBUG	Application has been upgraded
1510551034124	addons.manager	ERROR	startup failed: [Exception... "Component returned failure code: 0x80070057 (NS_ERROR_ILLEGAL_VALUE) [nsIFile.create]"  nsresult: "0x80070057 (NS_ERROR_ILLEGAL_VALUE)"  location: "JS frame :: resource://gre/modules/FileUtils.jsm :: FileUtils_getDir :: line 70"  data: no] Stack trace: FileUtils_getDir()@resource://gre/modules/FileUtils.jsm:70 < FileUtils_getFile()@resource://gre/modules/FileUtils.jsm:42 < validateBlocklist()@resource://gre/modules/AddonManager.jsm:674 < startup()@resource://gre/modules/AddonManager.jsm:837 < startup()@resource://gre/modules/AddonManager.jsm:3145 < observe()@resource://gre/components/addonManager.js:65
1510551034125	addons.manager	DEBUG	Completed startup sequence
JavaScript error: resource://gre/modules/AddonManager.jsm, line 1657: NS_ERROR_NOT_INITIALIZED: AddonManager is not initialized
*** Blocklist::_preloadBlocklistFile: blocklist is disabled
1510551035144	Marionette	INFO	Listening on port 51400
JavaScript error: resource://gre/modules/AddonManager.jsm, line 2572: NS_ERROR_NOT_INITIALIZED: AddonManager is not initialized
1510551035465	Marionette	WARN	TLS certificate errors will be ignored for this session
1510551067053	Marionette	INFO	Ceased listening
0.0.1:51436
1510551044902	geckodriver::marionette	INFO	Starting browser \\?\C:\Program Files (x86)\Mozilla Firefox\firefox.exe with args ["-marionette"]
1510551045078	addons.manager	DEBUG	Application has been upgraded
1510551045078	addons.manager	ERROR	startup failed: [Exception... "Component returned failure code: 0x80070057 (NS_ERROR_ILLEGAL_VALUE) [nsIFile.create]"  nsresult: "0x80070057 (NS_ERROR_ILLEGAL_VALUE)"  location: "JS frame :: resource://gre/modules/FileUtils.jsm :: FileUtils_getDir :: line 70"  data: no] Stack trace: FileUtils_getDir()@resource://gre/modules/FileUtils.jsm:70 < FileUtils_getFile()@resource://gre/modules/FileUtils.jsm:42 < validateBlocklist()@resource://gre/modules/AddonManager.jsm:674 < startup()@resource://gre/modules/AddonManager.jsm:837 < startup()@resource://gre/modules/AddonManager.jsm:3145 < observe()@resource://gre/components/addonManager.js:65
1510551045079	addons.manager	DEBUG	Completed startup sequence
JavaScript error: resource://gre/modules/AddonManager.jsm, line 1657: NS_ERROR_NOT_INITIALIZED: AddonManager is not initialized
*** Blocklist::_preloadBlocklistFile: blocklist is disabled
1510551046075	Marionette	INFO	Listening on port 51444
JavaScript error: resource://gre/modules/AddonManager.jsm, line 2572: NS_ERROR_NOT_INITIALIZED: AddonManager is not initialized
1510551046419	Marionette	WARN	TLS certificate errors will be ignored for this session
1510551070507	Marionette	INFO	Ceased listening
0.0.1:51477
1510551055701	geckodriver::marionette	INFO	Starting browser \\?\C:\Program Files (x86)\Mozilla Firefox\firefox.exe with args ["-marionette"]
1510551055879	addons.manager	DEBUG	Application has been upgraded
1510551055879	addons.manager	ERROR	startup failed: [Exception... "Component returned failure code: 0x80070057 (NS_ERROR_ILLEGAL_VALUE) [nsIFile.create]"  nsresult: "0x80070057 (NS_ERROR_ILLEGAL_VALUE)"  location: "JS frame :: resource://gre/modules/FileUtils.jsm :: FileUtils_getDir :: line 70"  data: no] Stack trace: FileUtils_getDir()@resource://gre/modules/FileUtils.jsm:70 < FileUtils_getFile()@resource://gre/modules/FileUtils.jsm:42 < validateBlocklist()@resource://gre/modules/AddonManager.jsm:674 < startup()@resource://gre/modules/AddonManager.jsm:837 < startup()@resource://gre/modules/AddonManager.jsm:3145 < observe()@resource://gre/components/addonManager.js:65
1510551055880	addons.manager	DEBUG	Completed startup sequence
JavaScript error: resource://gre/modules/AddonManager.jsm, line 1657: NS_ERROR_NOT_INITIALIZED: AddonManager is not initialized
*** Blocklist::_preloadBlocklistFile: blocklist is disabled
1510551056883	Marionette	INFO	Listening on port 51483
JavaScript error: resource://gre/modules/AddonManager.jsm, line 2572: NS_ERROR_NOT_INITIALIZED: AddonManager is not initialized
1510551057216	Marionette	WARN	TLS certificate errors will be ignored for this session
1510551072009	Marionette	INFO	Ceased listening
1510551436172	geckodriver	INFO	Listening on 127.0.0.1:51539
1510551438203	geckodriver::marionette	INFO	Starting browser \\?\C:\Program Files (x86)\Mozilla Firefox\firefox.exe with args ["-marionette"]
1510551438390	addons.manager	DEBUG	Application has been upgraded
1510551438390	addons.manager	ERROR	startup failed: [Exception... "Component returned failure code: 0x80070057 (NS_ERROR_ILLEGAL_VALUE) [nsIFile.create]"  nsresult: "0x80070057 (NS_ERROR_ILLEGAL_VALUE)"  location: "JS frame :: resource://gre/modules/FileUtils.jsm :: FileUtils_getDir :: line 70"  data: no] Stack trace: FileUtils_getDir()@resource://gre/modules/FileUtils.jsm:70 < FileUtils_getFile()@resource://gre/modules/FileUtils.jsm:42 < validateBlocklist()@resource://gre/modules/AddonManager.jsm:674 < startup()@resource://gre/modules/AddonManager.jsm:837 < startup()@resource://gre/modules/AddonManager.jsm:3145 < observe()@resource://gre/components/addonManager.js:65
1510551438391	addons.manager	DEBUG	Completed startup sequence
JavaScript error: resource://gre/modules/AddonManager.jsm, line 1657: NS_ERROR_NOT_INITIALIZED: AddonManager is not initialized
*** Blocklist::_preloadBlocklistFile: blocklist is disabled
1510551439390	Marionette	INFO	Listening on port 51545
JavaScript error: resource://gre/modules/AddonManager.jsm, line 2572: NS_ERROR_NOT_INITIALIZED: AddonManager is not initialized
1510551439718	Marionette	WARN	TLS certificate errors will be ignored for this session
JavaScript error: resource://app/modules/WindowsJumpLists.jsm, line 403: NS_ERROR_FILE_NOT_FOUND: Component returned failure code: 0x80520012 (NS_ERROR_FILE_NOT_FOUND) [nsIJumpListShortcut.app]
1510551452677	Marionette	INFO	Ceased listening
1510551506699	geckodriver	INFO	Listening on 127.0.0.1:51577
1510551508733	geckodriver::marionette	INFO	Starting browser \\?\C:\Program Files (x86)\Mozilla Firefox\firefox.exe with args ["-marionette"]
1510551508914	addons.manager	DEBUG	Application has been upgraded
1510551508914	addons.manager	ERROR	startup failed: [Exception... "Component returned failure code: 0x80070057 (NS_ERROR_ILLEGAL_VALUE) [nsIFile.create]"  nsresult: "0x80070057 (NS_ERROR_ILLEGAL_VALUE)"  location: "JS frame :: resource://gre/modules/FileUtils.jsm :: FileUtils_getDir :: line 70"  data: no] Stack trace: FileUtils_getDir()@resource://gre/modules/FileUtils.jsm:70 < FileUtils_getFile()@resource://gre/modules/FileUtils.jsm:42 < validateBlocklist()@resource://gre/modules/AddonManager.jsm:674 < startup()@resource://gre/modules/AddonManager.jsm:837 < startup()@resource://gre/modules/AddonManager.jsm:3145 < observe()@resource://gre/components/addonManager.js:65
1510551508915	addons.manager	DEBUG	Completed startup sequence
JavaScript error: resource://gre/modules/AddonManager.jsm, line 1657: NS_ERROR_NOT_INITIALIZED: AddonManager is not initialized
*** Blocklist::_preloadBlocklistFile: blocklist is disabled
1510551509927	Marionette	INFO	Listening on port 51583
JavaScript error: resource://gre/modules/AddonManager.jsm, line 2572: NS_ERROR_NOT_INITIALIZED: AddonManager is not initialized
1510551510251	Marionette	WARN	TLS certificate errors will be ignored for this session
JavaScript error: resource://app/modules/WindowsJumpLists.jsm, line 403: NS_ERROR_FILE_NOT_FOUND: Component returned failure code: 0x80520012 (NS_ERROR_FILE_NOT_FOUND) [nsIJumpListShortcut.app]
1510551516765	Marionette	INFO	Ceased listening
1510551549393	geckodriver	INFO	Listening on 127.0.0.1:51626
1510551551423	geckodriver::marionette	INFO	Starting browser \\?\C:\Program Files (x86)\Mozilla Firefox\firefox.exe with args ["-marionette"]
1510551551602	addons.manager	DEBUG	Application has been upgraded
1510551551602	addons.manager	ERROR	startup failed: [Exception... "Component returned failure code: 0x80070057 (NS_ERROR_ILLEGAL_VALUE) [nsIFile.create]"  nsresult: "0x80070057 (NS_ERROR_ILLEGAL_VALUE)"  location: "JS frame :: resource://gre/modules/FileUtils.jsm :: FileUtils_getDir :: line 70"  data: no] Stack trace: FileUtils_getDir()@resource://gre/modules/FileUtils.jsm:70 < FileUtils_getFile()@resource://gre/modules/FileUtils.jsm:42 < validateBlocklist()@resource://gre/modules/AddonManager.jsm:674 < startup()@resource://gre/modules/AddonManager.jsm:837 < startup()@resource://gre/modules/AddonManager.jsm:3145 < observe()@resource://gre/components/addonManager.js:65
1510551551603	addons.manager	DEBUG	Completed startup sequence
JavaScript error: resource://gre/modules/AddonManager.jsm, line 1657: NS_ERROR_NOT_INITIALIZED: AddonManager is not initialized
*** Blocklist::_preloadBlocklistFile: blocklist is disabled
1510551552605	Marionette	INFO	Listening on port 51633
JavaScript error: resource://gre/modules/AddonManager.jsm, line 2572: NS_ERROR_NOT_INITIALIZED: AddonManager is not initialized
1510551552941	Marionette	WARN	TLS certificate errors will be ignored for this session
JavaScript error: resource://app/modules/WindowsJumpLists.jsm, line 403: NS_ERROR_FILE_NOT_FOUND: Component returned failure code: 0x80520012 (NS_ERROR_FILE_NOT_FOUND) [nsIJumpListShortcut.app]
1510551603890	Marionette	INFO	Ceased listening
1510551842248	geckodriver	INFO	Listening on 127.0.0.1:51697
1510551844285	geckodriver::marionette	INFO	Starting browser \\?\C:\Program Files (x86)\Mozilla Firefox\firefox.exe with args ["-marionette"]
1510551844463	addons.manager	DEBUG	Application has been upgraded
1510551844463	addons.manager	ERROR	startup failed: [Exception... "Component returned failure code: 0x80070057 (NS_ERROR_ILLEGAL_VALUE) [nsIFile.create]"  nsresult: "0x80070057 (NS_ERROR_ILLEGAL_VALUE)"  location: "JS frame :: resource://gre/modules/FileUtils.jsm :: FileUtils_getDir :: line 70"  data: no] Stack trace: FileUtils_getDir()@resource://gre/modules/FileUtils.jsm:70 < FileUtils_getFile()@resource://gre/modules/FileUtils.jsm:42 < validateBlocklist()@resource://gre/modules/AddonManager.jsm:674 < startup()@resource://gre/modules/AddonManager.jsm:837 < startup()@resource://gre/modules/AddonManager.jsm:3145 < observe()@resource://gre/components/addonManager.js:65
1510551844464	addons.manager	DEBUG	Completed startup sequence
JavaScript error: resource://gre/modules/AddonManager.jsm, line 1657: NS_ERROR_NOT_INITIALIZED: AddonManager is not initialized
*** Blocklist::_preloadBlocklistFile: blocklist is disabled
1510551845467	Marionette	INFO	Listening on port 51703
JavaScript error: resource://gre/modules/AddonManager.jsm, line 2572: NS_ERROR_NOT_INITIALIZED: AddonManager is not initialized
1510551845801	Marionette	WARN	TLS certificate errors will be ignored for this session
1510551864804	Marionette	INFO	Ceased listening
1510552228824	geckodriver	INFO	Listening on 127.0.0.1:50007
1510552230848	geckodriver::marionette	INFO	Starting browser \\?\C:\Program Files (x86)\Mozilla Firefox\firefox.exe with args ["-marionette"]
1510552231448	addons.manager	DEBUG	Application has been upgraded
1510552231448	addons.manager	ERROR	startup failed: [Exception... "Component returned failure code: 0x80070057 (NS_ERROR_ILLEGAL_VALUE) [nsIFile.create]"  nsresult: "0x80070057 (NS_ERROR_ILLEGAL_VALUE)"  location: "JS frame :: resource://gre/modules/FileUtils.jsm :: FileUtils_getDir :: line 70"  data: no] Stack trace: FileUtils_getDir()@resource://gre/modules/FileUtils.jsm:70 < FileUtils_getFile()@resource://gre/modules/FileUtils.jsm:42 < validateBlocklist()@resource://gre/modules/AddonManager.jsm:674 < startup()@resource://gre/modules/AddonManager.jsm:837 < startup()@resource://gre/modules/AddonManager.jsm:3145 < observe()@resource://gre/components/addonManager.js:65
1510552231449	addons.manager	DEBUG	Completed startup sequence
JavaScript error: resource://gre/modules/AddonManager.jsm, line 1657: NS_ERROR_NOT_INITIALIZED: AddonManager is not initialized
*** Blocklist::_preloadBlocklistFile: blocklist is disabled
1510552232704	Marionette	INFO	Listening on port 50013
JavaScript error: resource://gre/modules/AddonManager.jsm, line 2572: NS_ERROR_NOT_INITIALIZED: AddonManager is not initialized
1510552232876	Marionette	WARN	TLS certificate errors will be ignored for this session
1510552270976	Marionette	INFO	Ceased listening
1510552272143	geckodriver	INFO	Listening on 127.0.0.1:50059
1510552274162	geckodriver::marionette	INFO	Starting browser \\?\C:\Program Files (x86)\Mozilla Firefox\firefox.exe with args ["-marionette"]
1510552274349	addons.manager	DEBUG	Application has been upgraded
1510552274350	addons.manager	ERROR	startup failed: [Exception... "Component returned failure code: 0x80070057 (NS_ERROR_ILLEGAL_VALUE) [nsIFile.create]"  nsresult: "0x80070057 (NS_ERROR_ILLEGAL_VALUE)"  location: "JS frame :: resource://gre/modules/FileUtils.jsm :: FileUtils_getDir :: line 70"  data: no] Stack trace: FileUtils_getDir()@resource://gre/modules/FileUtils.jsm:70 < FileUtils_getFile()@resource://gre/modules/FileUtils.jsm:42 < validateBlocklist()@resource://gre/modules/AddonManager.jsm:674 < startup()@resource://gre/modules/AddonManager.jsm:837 < startup()@resource://gre/modules/AddonManager.jsm:3145 < observe()@resource://gre/components/addonManager.js:65
1510552274351	addons.manager	DEBUG	Completed startup sequence
JavaScript error: resource://gre/modules/AddonManager.jsm, line 1657: NS_ERROR_NOT_INITIALIZED: AddonManager is not initialized
*** Blocklist::_preloadBlocklistFile: blocklist is disabled
1510552275362	Marionette	INFO	Listening on port 50065
JavaScript error: resource://gre/modules/AddonManager.jsm, line 2572: NS_ERROR_NOT_INITIALIZED: AddonManager is not initialized
1510552275678	Marionette	WARN	TLS certificate errors will be ignored for this session
1510552299144	Marionette	INFO	Ceased listening
1510552303455	geckodriver	INFO	Listening on 127.0.0.1:50103
1510552305483	geckodriver::marionette	INFO	Starting browser \\?\C:\Program Files (x86)\Mozilla Firefox\firefox.exe with args ["-marionette"]
1510552305659	addons.manager	DEBUG	Application has been upgraded
1510552305659	addons.manager	ERROR	startup failed: [Exception... "Component returned failure code: 0x80070057 (NS_ERROR_ILLEGAL_VALUE) [nsIFile.create]"  nsresult: "0x80070057 (NS_ERROR_ILLEGAL_VALUE)"  location: "JS frame :: resource://gre/modules/FileUtils.jsm :: FileUtils_getDir :: line 70"  data: no] Stack trace: FileUtils_getDir()@resource://gre/modules/FileUtils.jsm:70 < FileUtils_getFile()@resource://gre/modules/FileUtils.jsm:42 < validateBlocklist()@resource://gre/modules/AddonManager.jsm:674 < startup()@resource://gre/modules/AddonManager.jsm:837 < startup()@resource://gre/modules/AddonManager.jsm:3145 < observe()@resource://gre/components/addonManager.js:65
1510552305660	addons.manager	DEBUG	Completed startup sequence
JavaScript error: resource://gre/modules/AddonManager.jsm, line 1657: NS_ERROR_NOT_INITIALIZED: AddonManager is not initialized
*** Blocklist::_preloadBlocklistFile: blocklist is disabled
1510552306651	Marionette	INFO	Listening on port 50109
JavaScript error: resource://gre/modules/AddonManager.jsm, line 2572: NS_ERROR_NOT_INITIALIZED: AddonManager is not initialized
1510552306998	Marionette	WARN	TLS certificate errors will be ignored for this session
JavaScript error: resource://app/modules/WindowsJumpLists.jsm, line 403: NS_ERROR_FILE_NOT_FOUND: Component returned failure code: 0x80520012 (NS_ERROR_FILE_NOT_FOUND) [nsIJumpListShortcut.app]
1510552327653	Marionette	INFO	Ceased listening
1510552333818	geckodriver	INFO	Listening on 127.0.0.1:50149
1510552335856	geckodriver::marionette	INFO	Starting browser \\?\C:\Program Files (x86)\Mozilla Firefox\firefox.exe with args ["-marionette"]
1510552336037	addons.manager	DEBUG	Application has been upgraded
1510552336038	addons.manager	ERROR	startup failed: [Exception... "Component returned failure code: 0x80070057 (NS_ERROR_ILLEGAL_VALUE) [nsIFile.create]"  nsresult: "0x80070057 (NS_ERROR_ILLEGAL_VALUE)"  location: "JS frame :: resource://gre/modules/FileUtils.jsm :: FileUtils_getDir :: line 70"  data: no] Stack trace: FileUtils_getDir()@resource://gre/modules/FileUtils.jsm:70 < FileUtils_getFile()@resource://gre/modules/FileUtils.jsm:42 < validateBlocklist()@resource://gre/modules/AddonManager.jsm:674 < startup()@resource://gre/modules/AddonManager.jsm:837 < startup()@resource://gre/modules/AddonManager.jsm:3145 < observe()@resource://gre/components/addonManager.js:65
1510552336039	addons.manager	DEBUG	Completed startup sequence
JavaScript error: resource://gre/modules/AddonManager.jsm, line 1657: NS_ERROR_NOT_INITIALIZED: AddonManager is not initialized
*** Blocklist::_preloadBlocklistFile: blocklist is disabled
1510552337037	Marionette	INFO	Listening on port 50155
JavaScript error: resource://gre/modules/AddonManager.jsm, line 2572: NS_ERROR_NOT_INITIALIZED: AddonManager is not initialized
1510552337373	Marionette	WARN	TLS certificate errors will be ignored for this session
1510552347278	geckodriver	INFO	Listening on 127.0.0.1:50193
1510552349307	geckodriver::marionette	INFO	Starting browser \\?\C:\Program Files (x86)\Mozilla Firefox\firefox.exe with args ["-marionette"]
1510552349487	addons.manager	DEBUG	Application has been upgraded
1510552349487	addons.manager	ERROR	startup failed: [Exception... "Component returned failure code: 0x80070057 (NS_ERROR_ILLEGAL_VALUE) [nsIFile.create]"  nsresult: "0x80070057 (NS_ERROR_ILLEGAL_VALUE)"  location: "JS frame :: resource://gre/modules/FileUtils.jsm :: FileUtils_getDir :: line 70"  data: no] Stack trace: FileUtils_getDir()@resource://gre/modules/FileUtils.jsm:70 < FileUtils_getFile()@resource://gre/modules/FileUtils.jsm:42 < validateBlocklist()@resource://gre/modules/AddonManager.jsm:674 < startup()@resource://gre/modules/AddonManager.jsm:837 < startup()@resource://gre/modules/AddonManager.jsm:3145 < observe()@resource://gre/components/addonManager.js:65
1510552349488	addons.manager	DEBUG	Completed startup sequence
JavaScript error: resource://gre/modules/AddonManager.jsm, line 1657: NS_ERROR_NOT_INITIALIZED: AddonManager is not initialized
*** Blocklist::_preloadBlocklistFile: blocklist is disabled
1510552350465	Marionette	INFO	Listening on port 50199
JavaScript error: resource://gre/modules/AddonManager.jsm, line 2572: NS_ERROR_NOT_INITIALIZED: AddonManager is not initialized
1510552350823	Marionette	WARN	TLS certificate errors will be ignored for this session
1510552364014	geckodriver	INFO	Listening on 127.0.0.1:50232
1510552366044	geckodriver::marionette	INFO	Starting browser \\?\C:\Program Files (x86)\Mozilla Firefox\firefox.exe with args ["-marionette"]
1510552366226	addons.manager	DEBUG	Application has been upgraded
1510552366227	addons.manager	ERROR	startup failed: [Exception... "Component returned failure code: 0x80070057 (NS_ERROR_ILLEGAL_VALUE) [nsIFile.create]"  nsresult: "0x80070057 (NS_ERROR_ILLEGAL_VALUE)"  location: "JS frame :: resource://gre/modules/FileUtils.jsm :: FileUtils_getDir :: line 70"  data: no] Stack trace: FileUtils_getDir()@resource://gre/modules/FileUtils.jsm:70 < FileUtils_getFile()@resource://gre/modules/FileUtils.jsm:42 < validateBlocklist()@resource://gre/modules/AddonManager.jsm:674 < startup()@resource://gre/modules/AddonManager.jsm:837 < startup()@resource://gre/modules/AddonManager.jsm:3145 < observe()@resource://gre/components/addonManager.js:65
1510552366228	addons.manager	DEBUG	Completed startup sequence
JavaScript error: resource://gre/modules/AddonManager.jsm, line 1657: NS_ERROR_NOT_INITIALIZED: AddonManager is not initialized
*** Blocklist::_preloadBlocklistFile: blocklist is disabled
1510552367231	Marionette	INFO	Listening on port 50238
JavaScript error: resource://gre/modules/AddonManager.jsm, line 2572: NS_ERROR_NOT_INITIALIZED: AddonManager is not initialized
1510552367559	Marionette	WARN	TLS certificate errors will be ignored for this session
1510552381007	geckodriver	INFO	Listening on 127.0.0.1:50275
1510552383038	geckodriver::marionette	INFO	Starting browser \\?\C:\Program Files (x86)\Mozilla Firefox\firefox.exe with args ["-marionette"]
1510552383216	addons.manager	DEBUG	Application has been upgraded
1510552383216	addons.manager	ERROR	startup failed: [Exception... "Component returned failure code: 0x80070057 (NS_ERROR_ILLEGAL_VALUE) [nsIFile.create]"  nsresult: "0x80070057 (NS_ERROR_ILLEGAL_VALUE)"  location: "JS frame :: resource://gre/modules/FileUtils.jsm :: FileUtils_getDir :: line 70"  data: no] Stack trace: FileUtils_getDir()@resource://gre/modules/FileUtils.jsm:70 < FileUtils_getFile()@resource://gre/modules/FileUtils.jsm:42 < validateBlocklist()@resource://gre/modules/AddonManager.jsm:674 < startup()@resource://gre/modules/AddonManager.jsm:837 < startup()@resource://gre/modules/AddonManager.jsm:3145 < observe()@resource://gre/components/addonManager.js:65
1510552383217	addons.manager	DEBUG	Completed startup sequence
JavaScript error: resource://gre/modules/AddonManager.jsm, line 1657: NS_ERROR_NOT_INITIALIZED: AddonManager is not initialized
*** Blocklist::_preloadBlocklistFile: blocklist is disabled
1510552384206	Marionette	INFO	Listening on port 50281
JavaScript error: resource://gre/modules/AddonManager.jsm, line 2572: NS_ERROR_NOT_INITIALIZED: AddonManager is not initialized
1510552384567	Marionette	WARN	TLS certificate errors will be ignored for this session
1510552415496	geckodriver	INFO	Listening on 127.0.0.1:50335
1510552417521	geckodriver::marionette	INFO	Starting browser 1510552418509	geckodriver::marionette	INFO	Starting browser \\?\C:\Program Files (x86)\Mozilla Firefox\firefox.exe with args ["-marionette"]
1510552418734	addons.manager	DEBUG	Application has been upgraded
1510552418734	addons.manager	ERROR	startup failed: [Exception... "Component returned failure code: 0x80070057 (NS_ERROR_ILLEGAL_VALUE) [nsIFile.create]"  nsresult: "0x80070057 (NS_ERROR_ILLEGAL_VALUE)"  location: "JS frame :: resource://gre/modules/FileUtils.jsm :: FileUtils_getDir :: line 70"  data: no] Stack trace: FileUtils_getDir()@resource://gre/modules/FileUtils.jsm:70 < FileUtils_getFile()@resource://gre/modules/FileUtils.jsm:42 < validateBlocklist()@resource://gre/modules/AddonManager.jsm:674 < startup()@resource://gre/modules/AddonManager.jsm:837 < startup()@resource://gre/modules/AddonManager.jsm:3145 < observe()@resource://gre/components/addonManager.js:65
1510552418735	addons.manager	DEBUG	Completed startup sequence
JavaScript error: resource://gre/modules/AddonManager.jsm, line 1657:*** Blocklist::_preloadBlocklistFile: blocklist is disabled*** Blocklist::_preloadBlocklistFile: blocklist is disabled
1510552419884	Marionette	INFO	Listening on port 50372
JavaScript error: resource://gre/modules/AddonManager.jsm, line 2572: NS_ERROR_NOT_INITIALIZED: AddonManager is not initialized
1510552420032	Marionette	WARN	TLS certificate errors will be ignored for this session
1510552435417	geckodriver	INFO	Listening on 127.0.0.1:50521
1510552437440	geckodriver::marionette	INFO	Starting browser \\?\C:\Program Files (x86)\Mozilla Firefox\firefox.exe with args ["-marionette"]
1510552437620	addons.manager	DEBUG	Application has been upgraded
1510552437620	addons.manager	ERROR	startup failed: [Exception... "Component returned failure code: 0x80070057 (NS_ERROR_ILLEGAL_VALUE) [nsIFile.create]"  nsresult: "0x80070057 (NS_ERROR_ILLEGAL_VALUE)"  location: "JS frame :: resource://gre/modules/FileUtils.jsm :: FileUtils_getDir :: line 70"  data: no] Stack trace: FileUtils_getDir()@resource://gre/modules/FileUtils.jsm:70 < FileUtils_getFile()@resource://gre/modules/FileUtils.jsm:42 < validateBlocklist()@resource://gre/modules/AddonManager.jsm:674 < startup()@resource://gre/modules/AddonManager.jsm:837 < startup()@resource://gre/modules/AddonManager.jsm:3145 < observe()@resource://gre/components/addonManager.js:65
1510552437621	addons.manager	DEBUG	Completed startup sequence
JavaScript error: resource://gre/modules/AddonManager.jsm, line 1657: NS_ERROR_NOT_INITIALIZED: AddonManager is not initialized
*** Blocklist::_preloadBlocklistFile: blocklist is disabled1510552440453	geckodriver::marionette	INFO	Starting browser \\?\C:\Program Files (x86)\Mozilla Firefox\firefox.exe with args ["-marionette"]
1510552440659	addons.manager	DEBUG	Application has been upgraded
1510552440659	addons.manager	ERROR	startup failed: [Exception... 1510552456358	Marionette	INFO	Ceased listening
_ERROR_ILLEGAL_VALUE) [nsIFile.create]"  nsresult: "0x80070057 (NS_ERROR_ILLEGAL_VALUE)"  location: "JS frame :: resource://gre/modules/FileUtils.jsm :: FileUtils_getDir :: line 70"  data: no] Stack trace: FileUtils_getDir()@resource://gre/modules/FileUtils.jsm:70 < FileUtils_getFile()@resource://gre/modules/FileUtils.jsm:42 < validateBlocklist()@resource://gre/modules/AddonManager.jsm:674 < startup()@resource://gre/modules/AddonManager.jsm:837 < startup()@resource://gre/modules/AddonManager.jsm:3145 < observe()@resource://gre/components/addonManager.js:65
1510552440660	addons.manager	DEBUG	Completed startup sequence
JavaScript error: resource://gre/modules/AddonManager.jsm, line 1657: NS_ERROR_NOT_INITIALIZED: AddonManager is not initialized
*** Blocklist::_preloadBlocklistFile: blocklist is disabled
1510552441826	Marionette	INFO	Listening on port 50590
JavaScript error: resource://gre/modules/AddonManager.jsm, line 2572: NS_ERROR_NOT_INITIALIZED: AddonManager is not initialized
1510552441974	Marionette	WARN	TLS certificate errors will be ignored for this session
1510552457629	Marionette	INFO	Ceased listening
1510552469629	geckodriver	INFO	Listening on 127.0.0.1:50688
1510552471653	geckodriver::marionette	INFO	Starting browser 1510552472660	geckodriver::marionette	INFO	Starting browser \\?\C:\Program Files (x86)\Mozilla Firefox\firefox.exe with args ["-marionette"]
1510552472844	addons.manager	DEBUG	Application has been upgraded
1510552472844	addons.manager	ERROR	startup failed: [Exception... "Component returned failure code: 0x80070057 (NS_ERROR_ILLEGAL_VALUE) [nsIFile.create]"  nsresult: "0x80070057 (NS_ERROR_ILLEGAL_VALUE)"  location: "JS frame :: resource://gre/modules/FileUtils.jsm :: FileUtils_getDir :: line 70"  data: no] Stack trace: FileUtils_getDir()@resource://gre/modules/FileUtils.jsm:70 < FileUtils_getFile()@resource://gre/modules/FileUtils.jsm:42 < validateBlocklist()@resource://gre/modules/AddonManager.jsm:674 < startup()@resource://gre/modules/AddonManager.jsm:837 < startup()@resource://gre/modules/AddonManager.jsm:3145 < observe()@resource://gre/components/addonManager.js:65
1510552472846	addons.manager	DEBUG	Completed startup sequence
JavaScript error: resource://gre/modules/AddonManager.jsm, line 1657: NS_ERROR_NOT_INITIALIZED: AddonManager is not initialized
*** Blocklist::_preloadBlocklistFile: blocklist is disabled
1510552473865	Marionette	INFO	Listening on port 50711
JavaScript error: resource://gre/modules/AddonManager.jsm, line 2572: NS_ERROR_NOT_INITIALIZED: AddonManager is not initialized
1510552474177	Marionette	WA1510552501989	Marionette	INFO	Ceased listening
is session
1510552500808	Marionette	INFO	Ceased listening
0.0.1:50783
1510552487011	geckodriver::marionette	INFO	Starting browser 1510552488817	geckodriver::marionette	INFO	Starting browser \\?\C:\Program Files (x86)\Mozilla Firefox\firefox.exe with args ["-marionette"]
1510552488998	addons.manager	DEBUG	Application has been upgraded
1510552488999	addons.manager	ERROR	startup failed: [Exception... "Component returned failure code: 0x80070057 (NS_ERROR_ILLEGAL_VALUE) [nsIFile.create]"  nsresult: "0x80070057 (NS_ERROR_ILLEGAL_VALUE)"  location: "JS frame :: resource://gre/modules/FileUtils.jsm :: FileUtils_getDir :: line 70"  data: no] Stack trace: FileUtils_getDir()@resource://gre/modules/FileUtils.jsm:70 < FileUtils_getFile()@resource://gre/modules/FileUtils.jsm:42 < validateBlocklist()@resource://gre/modules/AddonManager.jsm:674 < startup()@resource://gre/modules/AddonManager.jsm:837 < startup()@resource://gre/modules/AddonManager.jsm:3145 < observe()@resource://gre/components/addonManager.js:65
1510552489000	addons.manager	DEBUG	Completed startup sequence
JavaScript error: resource://gre/modules/AddonManager.jsm, line 1657: NS_ERROR_NOT_INITIALIZED: AddonManager is not initialized
*** Blocklist::_preloadBlocklistFile: blocklist is disabled
1510552490018	Marionette	INFO	Listening on port 50811
JavaScript error: resource://gre/modules/AddonManager.jsm, line 2572: NS_ERROR_NOT_INITIALIZED: AddonManager is not initialized
1510552490335	Marionette	WA1510552497781	Marionette	INFO	Ceased listening
is session
1510552499515	Marionette	INFO	Ceased listening
1510552536672	geckodriver	INFO	Listening on 127.0.0.1:50879
1510552538698	geckodriver::marionette	INFO	Starting browser \\?\C:\Program Files (x86)\Mozilla Firefox\firefox.exe with args ["-marionette"]
1510552538875	addons.manager	DEBUG	Application has been upgraded
1510552538875	addons.manager	ERROR	startup failed: [Exception... "Component returned failure code: 0x80070057 (NS_ERROR_ILLEGAL_VALUE) [nsIFile.create]"  nsresult: "0x80070057 (NS_ERROR_ILLEGAL_VALUE)"  location: "JS frame :: resource://gre/modules/FileUtils.jsm :: FileUtils_getDir :: line 70"  data: no] Stack trace: FileUtils_getDir()@resource://gre/modules/FileUtils.jsm:70 < FileUtils_getFile()@resource://gre/modules/FileUtils.jsm:42 < validateBlocklist()@resource://gre/modules/AddonManager.jsm:674 < startup()@resource://gre/modules/AddonManager.jsm:837 < startup()@resource://gre/modules/AddonManager.jsm:3145 < observe()@resource://gre/components/addonManager.js:65
1510552538876	addons.manager	DEBUG	Completed startup sequence
JavaScript error: resource://gre/modules/AddonManager.jsm, line 1657: NS_ERROR_NOT_INITIALIZED: AddonManager is not initialized
*** Blocklist::_preloadBlocklistFile: blocklist is disabled1510552541703	geckodriver::marionette	INFO	Starting browser \\?\C:\Program Files (x86)\Mozilla Firefox\firefox.exe with args ["-marionette"]
1510552541898	addons.manager	DEBUG	Application has been upgraded
1510552541899	addons.manager	ERROR	startup failed: [Exception... 1510552557630	Marionette	INFO	Ceased listening
_ERROR_ILLEG1510552542726	geckodriver::marionette	INFO	Starting browser \\?\C:\Program Files (x86)\Mozilla Firefox\firefox.exe with args ["-marionette"]
1510552543037	addons.manager	DEBUG	Application has been upgraded
1510552543038	addons.manager	ERROR	startup failed: [Exception... "Component returned failure code: 0x80070057 (NS_ERROR_ILLEGAL_VALUE) [nsIFile.create]"  nsresult: "0x80070057 (NS_ERROR_ILLEGAL_VALUE)"  location: "JS frame :: resource://gre/modules/FileUtils.jsm :: FileUtils_getDir :: line 70"  data: no] Stack trace: FileUtils_getDir()@resource://gre/modules/FileUtils.jsm:70 < FileUtils_getFile()@resource://gre/modules/FileUtils.jsm:42 < validateBlocklist()@resource://gre/modules/AddonManager.jsm:674 < startup()@resource://gre/modules/AddonManager.jsm:837 < startup()@resource://gre/modules/A1510552543055	Marionette	INFO	Listening on port 50930
JavaScript error: resource://gre/modules/AddonManager.jsm, line 2572: NS_ERROR_NOT_INITIALIZED: AddonManager is not initialized
1510552543717	Marionette	WARN	TLS certificate errors will be ignored for this session
1510552553421	Marionette	INFO	Ceased listening
is disabled
1510552545061	Marionette	INFO	Listening on port 50946
JavaScript error: resource://gre/modules/AddonManager.jsm, line 2572: NS_ERROR_NOT_INITIALIZED: AddonManager is not initialized
1510552545848	Marionette	WARN	TLS certificate errors will be ignored for this session
1510552556603	Marionette	INFO	Ceased listening
1510552588305	geckodriver	INFO	Listening on 127.0.0.1:51061
1510552590336	geckodriver::marionette	INFO	Starting browser \\?\C:\Program Files (x86)\Mozilla Firefox\firefox.exe with args ["-marionette"]
1510552590511	addons.manager	DEBUG	Application has been upgraded
1510552590511	addons.manager	ERROR	startup failed: [Exception... "Component returned failure code: 0x80070057 (NS_ERROR_ILLEGAL_VALUE) [nsIFile.create]"  nsresult: "0x80070057 (NS_ERROR_ILLEGAL_VALUE)"  location: "JS frame :: resource://gre/modules/FileUtils.jsm :: FileUtils_getDir :: line 70"  data: no] Stack trace: FileUtils_getDir()@resource://gre/modules/FileUtils.jsm:70 < FileUtils_getFile()@resource://gre/modules/FileUtils.jsm:42 < validateBlocklist()@resource://gre/modules/AddonManager.jsm:674 < startup()@resource://gre/modules/AddonManager.jsm:837 < startup()@resource://gre/modules/AddonManager.jsm:3145 < observe()@resource://gre/components/addonManager.js:65
1510552590512	addons.manager	DEBUG	Completed startup sequence
JavaScript error: resource://gre/modules/AddonManager.jsm, line 1657: NS_ERROR_NOT_INITIALIZED: AddonManager is not initialized
*** Blocklist::_preloadBlocklistFile: blocklist is disabled
1510552591494	Marionette	INFO	Listening on port 51067
JavaScript error: resource://gre/modules/AddonManager.jsm, line 2572: NS_ERROR_NOT_INITIALIZED: AddonManager is not initialized
1510552591858	Marionette	WARN	TLS certificate errors will be ignored for this session
1510552644780	Marionette	INFO	Ceased listening
0.0.1:51101
1510552612343	geckodriver::marionette	INFO	Starting browser \\?\C:\Program Files (x86)\Mozilla Firefox\firefox.exe with args ["-marionette"]
1510552612516	addons.manager	DEBUG	Application has been upgraded
1510552612517	addons.manager	ERROR	startup failed: [Exception... "Component returned failure code: 0x80070057 (NS_ERROR_ILLEGAL_VALUE) [nsIFile.create]"  nsresult: "0x80070057 (NS_ERROR_ILLEGAL_VALUE)"  location: "JS frame :: resource://gre/modules/FileUtils.jsm :: FileUtils_getDir :: line 70"  data: no] Stack trace: FileUtils_getDir()@resource://gre/modules/FileUtils.jsm:70 < FileUtils_getFile()@resource://gre/modules/FileUtils.jsm:42 < validateBlocklist()@resource://gre/modules/AddonManager.jsm:674 < startup()@resource://gre/modules/AddonManager.jsm:837 < startup()@resource://gre/modules/AddonManager.jsm:3145 < observe()@resource://gre/components/addonManager.js:65
1510552612518	addons.manager	DEBUG	Completed startup sequence
JavaScript error: resource://gre/modules/AddonManager.jsm, line 1657: NS_ERROR_NOT_INITIALIZED: AddonManager is not initialized
*** Blocklist::_preloadBlocklistFile: blocklist is disabled
1510552613532	Marionette	INFO	Listening on port 51107
JavaScript error: resource://gre/modules/AddonManager.jsm, line 2572: NS_ERROR_NOT_INITIALIZED: AddonManager is not initialized
1510552613859	Marionette	WARN	TLS certificate errors will be ignored for this session
1510552643497	Marionette	INFO	Ceased listening
0.0.1:51149
1510552622398	geckodriver::marionette	INFO	Starting browser \\?\C:\Program Files (x86)\Mozilla Firefox\firefox.exe with args ["-marionette"]
1510552622593	addons.manager	DEBUG	Application has been upgraded
1510552622594	addons.manager	ERROR	startup failed: [Exception... "Component returned failure code: 0x80070057 (NS_ERROR_ILLEGAL_VALUE) [nsIFile.create]"  nsresult: "0x80070057 (NS_ERROR_ILLEGAL_VALUE)"  location: "JS frame :: resource://gre/modules/FileUtils.jsm :: FileUtils_getDir :: line 70"  data: no] Stack trace: FileUtils_getDir()@resource://gre/modules/FileUtils.jsm:70 < FileUtils_getFile()@resource://gre/modules/FileUtils.jsm:42 < validateBlocklist()@resource://gre/modules/AddonManager.jsm:674 < startup()@resource://gre/modules/AddonManager.jsm:837 < startup()@resource://gre/modules/AddonManager.jsm:3145 < observe()@resource://gre/components/addonManager.js:65
1510552622595	addons.manager	DEBUG	Completed startup sequence
JavaScript error: resource://gre/modules/AddonManager.jsm, line 1657: NS_ERROR_NOT_INITIALIZED: AddonManager is not initialized
*** Blocklist::_preloadBlocklistFile: blocklist is disabled
1510552623779	Marionette	INFO	Listening on port 51160
JavaScript error: resource://gre/modules/AddonManager.jsm, line 2572: NS_ERROR_NOT_INITIALIZED: AddonManager is not initialized
1510552623916	Marionette	WARN	TLS certificate errors will be ignored for this session
1510552642631	Marionette	INFO	Ceased listening
